<?xml version="1.0" encoding="UTF-8"?>
<!-- Generated by org.testng.reporters.JUnitReportReporter -->
<testsuite skipped="0" hostname="197NODMB15125" name="com.companyName.Utils.PropertyFileUtils" tests="1" failures="0" timestamp="23 Aug 2017 05:03:58 GMT" time="0.039" errors="0">
  <testcase name="testM" time="0.039" classname="com.companyName.Utils.PropertyFileUtils"/>
</testsuite> <!-- com.companyName.Utils.PropertyFileUtils -->
