<?xml version="1.0" encoding="UTF-8"?>
<!-- Generated by org.testng.reporters.JUnitReportReporter -->
<testsuite skipped="0" hostname="197NODMB15125" name="com.companyName.Test.TestLoginPage" tests="1" failures="0" timestamp="24 Aug 2017 04:31:53 GMT" time="0.610" errors="0">
  <testcase name="testLogin" time="0.610" classname="com.companyName.Test.TestLoginPage"/>
</testsuite> <!-- com.companyName.Test.TestLoginPage -->
