<?xml version="1.0" encoding="UTF-8"?>
<!-- Generated by org.testng.reporters.JUnitReportReporter -->
<testsuite skipped="0" hostname="197NODMB15125" name="com.companyName.Utils.ExcelUtils" tests="1" failures="0" timestamp="28 Aug 2017 04:48:42 GMT" time="0.723" errors="0">
  <testcase name="testM" time="0.723" classname="com.companyName.Utils.ExcelUtils"/>
</testsuite> <!-- com.companyName.Utils.ExcelUtils -->
