<?xml version="1.0" encoding="UTF-8"?>
<!-- Generated by org.testng.reporters.JUnitReportReporter -->
<testsuite skipped="0" hostname="197NODMB15125" name="com.companyName.Utils.BrowserUtils" tests="1" failures="0" timestamp="24 Aug 2017 04:21:36 GMT" time="5.099" errors="0">
  <testcase name="testM" time="5.099" classname="com.companyName.Utils.BrowserUtils"/>
</testsuite> <!-- com.companyName.Utils.BrowserUtils -->
